#
# There is insufficient memory for the Java Runtime Environment to continue.
# Native memory allocation (malloc) failed to allocate 352016 bytes for Chunk::new
# Possible reasons:
#   The system is out of physical RAM or swap space
#   The process is running with CompressedOops enabled, and the Java Heap may be blocking the growth of the native heap
# Possible solutions:
#   Reduce memory load on the system
#   Increase physical memory or swap space
#   Check if swap backing store is full
#   Decrease Java heap size (-Xmx/-Xms)
#   Decrease number of Java threads
#   Decrease Java thread stack sizes (-Xss)
#   Set larger code cache with -XX:ReservedCodeCacheSize=
#   JVM is running with Unscaled Compressed Oops mode in which the Java heap is
#     placed in the first 4GB address space. The Java Heap base address is the
#     maximum limit for the native heap growth. Please use -XX:HeapBaseMinAddress
#     to set the Java Heap base and to place the Java Heap above 4GB virtual address.
# This output file may be truncated or incomplete.
#
#  Out of Memory Error (arena.cpp:184), pid=12888, tid=11216
#
# JRE version: Java(TM) SE Runtime Environment (18.0.2.1+1) (build 18.0.2.1+1-1)
# Java VM: Java HotSpot(TM) 64-Bit Server VM (18.0.2.1+1-1, mixed mode, sharing, tiered, compressed oops, compressed class ptrs, parallel gc, windows-amd64)
# No core dump will be written. Minidumps are not enabled by default on client versions of Windows
#

---------------  S U M M A R Y ------------

Command Line: --add-modules=ALL-SYSTEM --add-opens=java.base/java.util=ALL-UNNAMED --add-opens=java.base/java.lang=ALL-UNNAMED -Declipse.application=org.eclipse.jdt.ls.core.id1 -Dosgi.bundles.defaultStartLevel=4 -Declipse.product=org.eclipse.jdt.ls.core.product -Djava.import.generatesMetadataFilesAtProjectRoot=false -Dfile.encoding=utf8 -DwatchParentProcess=false -XX:+UseParallelGC -XX:GCTimeRatio=4 -XX:AdaptiveSizePolicyWeight=90 -Dsun.zip.disableMemoryMapping=true -Xmx1G -Xms100m -XX:+HeapDumpOnOutOfMemoryError -XX:HeapDumpPath=c:\Users\hp\AppData\Roaming\Code\User\workspaceStorage\5055241d6b3e12119554bb473a6fb639\redhat.java c:\Users\hp\.vscode\extensions\redhat.java-1.1.0\server\plugins\org.eclipse.equinox.launcher_1.6.400.v20210924-0641.jar -configuration c:\Users\hp\AppData\Roaming\Code\User\globalStorage\redhat.java\1.1.0\config_win -data c:\Users\hp\AppData\Roaming\Code\User\workspaceStorage\5055241d6b3e12119554bb473a6fb639\redhat.java\jdt_ws

Host: Intel(R) Core(TM) i5-8265U CPU @ 1.60GHz, 8 cores, 7G,  Windows 10 , 64 bit Build 19041 (10.0.19041.1889)
Time: Sat Oct  8 23:24:32 2022 India Standard Time elapsed time: 25.440422 seconds (0d 0h 0m 25s)

---------------  T H R E A D  ---------------

Current thread (0x000001da62ada400):  JavaThread "C2 CompilerThread0" daemon [_thread_in_native, id=11216, stack(0x0000004343100000,0x0000004343200000)]


Current CompileTask:
C2:  25440 6978       4       com.google.gson.stream.JsonWriter::string (169 bytes)

Stack: [0x0000004343100000,0x0000004343200000]
Native frames: (J=compiled Java code, j=interpreted, Vv=VM code, C=native code)
V  [jvm.dll+0x6993aa]
V  [jvm.dll+0x7f46dd]
V  [jvm.dll+0x7f5fee]
V  [jvm.dll+0x7f66a3]
V  [jvm.dll+0x25cf1f]
V  [jvm.dll+0xb8c2f]
V  [jvm.dll+0xb8fa5]
V  [jvm.dll+0x3860cb]
V  [jvm.dll+0x34fe71]
V  [jvm.dll+0x34f30a]
V  [jvm.dll+0x230101]
V  [jvm.dll+0x22f4d1]
V  [jvm.dll+0x1ba01c]
V  [jvm.dll+0x23ee0a]
V  [jvm.dll+0x23d0f5]
V  [jvm.dll+0x7a6dd1]
V  [jvm.dll+0x7a120a]
V  [jvm.dll+0x698255]
C  [ucrtbase.dll+0x21bb2]
C  [KERNEL32.DLL+0x17034]
C  [ntdll.dll+0x526a1]


---------------  P R O C E S S  ---------------

Threads class SMR info:
_java_thread_list=0x000001da76106ff0, length=36, elements={
0x000001da48051fd0, 0x000001da62a96290, 0x000001da62a984f0, 0x000001da62aae610,
0x000001da62aaf0d0, 0x000001da62ab1330, 0x000001da62ad6710, 0x000001da62ada400,
0x000001da62adacf0, 0x000001da62adc560, 0x000001da62ad5d70, 0x000001da62ad4f00,
0x000001da62ad53d0, 0x000001da62ad6240, 0x000001da62ad7f20, 0x000001da62ad4a30,
0x000001da62ad7580, 0x000001da62ad6be0, 0x000001da62ad70b0, 0x000001da62ad7a50,
0x000001da69e41870, 0x000001da69e426e0, 0x000001da69e43ef0, 0x000001da69e41d40,
0x000001da69e43550, 0x000001da69e42bb0, 0x000001da69e43080, 0x000001da69e46570,
0x000001da69e40ed0, 0x000001da69e413a0, 0x000001da69e44890, 0x000001da69e45700,
0x000001da69e42210, 0x000001da69e46f10, 0x000001da69e43a20, 0x000001da69e443c0
}

Java Threads: ( => current thread )
  0x000001da48051fd0 JavaThread "main" [_thread_blocked, id=20760, stack(0x0000004342800000,0x0000004342900000)]
  0x000001da62a96290 JavaThread "Reference Handler" daemon [_thread_blocked, id=20284, stack(0x0000004342b00000,0x0000004342c00000)]
  0x000001da62a984f0 JavaThread "Finalizer" daemon [_thread_blocked, id=3636, stack(0x0000004342c00000,0x0000004342d00000)]
  0x000001da62aae610 JavaThread "Signal Dispatcher" daemon [_thread_blocked, id=6396, stack(0x0000004342d00000,0x0000004342e00000)]
  0x000001da62aaf0d0 JavaThread "Attach Listener" daemon [_thread_blocked, id=13308, stack(0x0000004342e00000,0x0000004342f00000)]
  0x000001da62ab1330 JavaThread "Service Thread" daemon [_thread_blocked, id=16232, stack(0x0000004342f00000,0x0000004343000000)]
  0x000001da62ad6710 JavaThread "Monitor Deflation Thread" daemon [_thread_blocked, id=13112, stack(0x0000004343000000,0x0000004343100000)]
=>0x000001da62ada400 JavaThread "C2 CompilerThread0" daemon [_thread_in_native, id=11216, stack(0x0000004343100000,0x0000004343200000)]
  0x000001da62adacf0 JavaThread "C1 CompilerThread0" daemon [_thread_blocked, id=3284, stack(0x0000004343200000,0x0000004343300000)]
  0x000001da62adc560 JavaThread "Sweeper thread" daemon [_thread_blocked, id=12704, stack(0x0000004343300000,0x0000004343400000)]
  0x000001da62ad5d70 JavaThread "Common-Cleaner" daemon [_thread_blocked, id=20072, stack(0x0000004343400000,0x0000004343500000)]
  0x000001da62ad4f00 JavaThread "Notification Thread" daemon [_thread_blocked, id=3708, stack(0x0000004343500000,0x0000004343600000)]
  0x000001da62ad53d0 JavaThread "Active Thread: Equinox Container: 2bb5eee6-8d7f-4d5f-9b87-de1ca671d05e" [_thread_blocked, id=21100, stack(0x0000004343800000,0x0000004343900000)]
  0x000001da62ad6240 JavaThread "Framework Event Dispatcher: Equinox Container: 2bb5eee6-8d7f-4d5f-9b87-de1ca671d05e" daemon [_thread_blocked, id=13024, stack(0x0000004344000000,0x0000004344100000)]
  0x000001da62ad7f20 JavaThread "Start Level: Equinox Container: 2bb5eee6-8d7f-4d5f-9b87-de1ca671d05e" daemon [_thread_blocked, id=19884, stack(0x0000004344100000,0x0000004344200000)]
  0x000001da62ad4a30 JavaThread "SCR Component Actor" daemon [_thread_blocked, id=20488, stack(0x0000004344200000,0x0000004344300000)]
  0x000001da62ad7580 JavaThread "Bundle File Closer" daemon [_thread_blocked, id=20684, stack(0x0000004344400000,0x0000004344500000)]
  0x000001da62ad6be0 JavaThread "Worker-JM" [_thread_blocked, id=18644, stack(0x0000004344500000,0x0000004344600000)]
  0x000001da62ad70b0 JavaThread "Worker-0" [_thread_blocked, id=15556, stack(0x0000004344600000,0x0000004344700000)]
  0x000001da62ad7a50 JavaThread "Worker-1" [_thread_blocked, id=16016, stack(0x0000004344700000,0x0000004344800000)]
  0x000001da69e41870 JavaThread "Java indexing" daemon [_thread_blocked, id=14068, stack(0x0000004344800000,0x0000004344900000)]
  0x000001da69e426e0 JavaThread "Worker-2" [_thread_blocked, id=21008, stack(0x0000004344900000,0x0000004344a00000)]
  0x000001da69e43ef0 JavaThread "pool-2-thread-1" [_thread_in_native, id=16108, stack(0x0000004344b00000,0x0000004344c00000)]
  0x000001da69e41d40 JavaThread "Worker-3" [_thread_blocked, id=10920, stack(0x0000004344c00000,0x0000004344d00000)]
  0x000001da69e43550 JavaThread "Worker-4" [_thread_blocked, id=20816, stack(0x0000004344d00000,0x0000004344e00000)]
  0x000001da69e42bb0 JavaThread "ForkJoinPool.commonPool-worker-1" daemon [_thread_blocked, id=22076, stack(0x0000004344e00000,0x0000004344f00000)]
  0x000001da69e43080 JavaThread "ForkJoinPool.commonPool-worker-2" daemon [_thread_blocked, id=9940, stack(0x0000004344f00000,0x0000004345000000)]
  0x000001da69e46570 JavaThread "ForkJoinPool.commonPool-worker-3" daemon [_thread_blocked, id=15152, stack(0x0000004345000000,0x0000004345100000)]
  0x000001da69e40ed0 JavaThread "ForkJoinPool.commonPool-worker-4" daemon [_thread_blocked, id=21824, stack(0x0000004345100000,0x0000004345200000)]
  0x000001da69e413a0 JavaThread "ForkJoinPool.commonPool-worker-5" daemon [_thread_blocked, id=10268, stack(0x0000004345200000,0x0000004345300000)]
  0x000001da69e44890 JavaThread "ForkJoinPool.commonPool-worker-6" daemon [_thread_blocked, id=8196, stack(0x0000004345400000,0x0000004345500000)]
  0x000001da69e45700 JavaThread "ForkJoinPool.commonPool-worker-7" daemon [_thread_blocked, id=17148, stack(0x0000004344300000,0x0000004344400000)]
  0x000001da69e42210 JavaThread "Java Debug Server" daemon [_thread_in_native, id=10592, stack(0x0000004344a00000,0x0000004344b00000)]
  0x000001da69e46f10 JavaThread "pool-3-thread-1" [_thread_blocked, id=960, stack(0x0000004345300000,0x0000004345400000)]
  0x000001da69e43a20 JavaThread "RxSchedulerPurge-1" daemon [_thread_blocked, id=8492, stack(0x0000004345500000,0x0000004345600000)]
  0x000001da69e443c0 JavaThread "RxCachedWorkerPoolEvictor-1" daemon [_thread_blocked, id=7292, stack(0x0000004345600000,0x0000004345700000)]

Other Threads:
  0x000001da62a91c40 VMThread "VM Thread" [stack: 0x0000004342a00000,0x0000004342b00000] [id=4144]
  0x000001da68a8b190 WatcherThread "VM Periodic Task Thread" [stack: 0x0000004343600000,0x0000004343700000] [id=8272]
  0x000001da4806e950 WorkerThread "GC Thread#0" [stack: 0x0000004342900000,0x0000004342a00000] [id=8880]
  0x000001da68cfe980 WorkerThread "GC Thread#1" [stack: 0x0000004343900000,0x0000004343a00000] [id=13156]
  0x000001da690917a0 WorkerThread "GC Thread#2" [stack: 0x0000004343a00000,0x0000004343b00000] [id=12944]
  0x000001da69091a40 WorkerThread "GC Thread#3" [stack: 0x0000004343b00000,0x0000004343c00000] [id=12912]
  0x000001da69091ce0 WorkerThread "GC Thread#4" [stack: 0x0000004343c00000,0x0000004343d00000] [id=13732]
  0x000001da69091f80 WorkerThread "GC Thread#5" [stack: 0x0000004343d00000,0x0000004343e00000] [id=4316]
  0x000001da69092220 WorkerThread "GC Thread#6" [stack: 0x0000004343e00000,0x0000004343f00000] [id=12952]
  0x000001da690a6420 WorkerThread "GC Thread#7" [stack: 0x0000004343f00000,0x0000004344000000] [id=14412]

Threads with active compile tasks:
C2 CompilerThread0    25477 6978       4       com.google.gson.stream.JsonWriter::string (169 bytes)

VM state: not at safepoint (normal execution)

VM Mutex/Monitor currently owned by a thread: None

Heap address: 0x00000000c0000000, size: 1024 MB, Compressed Oops mode: 32-bit

CDS archive(s) mapped at: [0x0000000800000000-0x0000000800ba0000-0x0000000800ba0000), size 12189696, SharedBaseAddress: 0x0000000800000000, ArchiveRelocationMode: 0.
Compressed class space mapped at: 0x0000000800c00000-0x0000000840c00000, reserved size: 1073741824
Narrow klass base: 0x0000000800000000, Narrow klass shift: 0, Narrow klass range: 0x100000000

GC Precious Log:
 CardTable entry size: 512
 CPUs: 8 total, 8 available
 Memory: 8079M
 Large Page Support: Disabled
 NUMA Support: Disabled
 Compressed Oops: Enabled (32-bit)
 Alignments: Space 512K, Generation 512K, Heap 2M
 Heap Min Capacity: 100M
 Heap Initial Capacity: 100M
 Heap Max Capacity: 1G
 Pre-touch: Disabled
 Parallel Workers: 8

Heap:
 PSYoungGen      total 60928K, used 23080K [0x00000000eab00000, 0x00000000efe00000, 0x0000000100000000)
  eden space 50688K, 25% used [0x00000000eab00000,0x00000000eb78aba8,0x00000000edc80000)
  from space 10240K, 99% used [0x00000000eeb80000,0x00000000ef57f790,0x00000000ef580000)
  to   space 15360K, 0% used [0x00000000edc80000,0x00000000edc80000,0x00000000eeb80000)
 ParOldGen       total 353792K, used 314145K [0x00000000c0000000, 0x00000000d5980000, 0x00000000eab00000)
  object space 353792K, 88% used [0x00000000c0000000,0x00000000d32c8688,0x00000000d5980000)
 Metaspace       used 55293K, committed 56320K, reserved 1114112K
  class space    used 5819K, committed 6272K, reserved 1048576K

Card table byte_map: [0x000001da60350000,0x000001da60560000] _byte_map_base: 0x000001da5fd50000

Marking Bits: (ParMarkBitMap*) 0x00007ffc3133fbb0
 Begin Bits: [0x000001da606c0000, 0x000001da616c0000)
 End Bits:   [0x000001da616c0000, 0x000001da626c0000)

Polling page: 0x000001da51140000

Metaspace:

Usage:
  Non-class:     48.31 MB used.
      Class:      5.68 MB used.
       Both:     54.00 MB used.

Virtual space:
  Non-class space:       64.00 MB reserved,      48.88 MB ( 76%) committed,  1 nodes.
      Class space:        1.00 GB reserved,       6.12 MB ( <1%) committed,  1 nodes.
             Both:        1.06 GB reserved,      55.00 MB (  5%) committed. 

Chunk freelists:
   Non-Class:  2.36 MB
       Class:  1.89 MB
        Both:  4.25 MB

MaxMetaspaceSize: unlimited
CompressedClassSpaceSize: 1.00 GB
Initial GC threshold: 21.00 MB
Current GC threshold: 85.56 MB
CDS: on
MetaspaceReclaimPolicy: balanced
 - commit_granule_bytes: 65536.
 - commit_granule_words: 8192.
 - virtual_space_node_default_size: 8388608.
 - enlarge_chunks_in_place: 1.
 - new_chunks_are_fully_committed: 0.
 - uncommit_free_chunks: 1.
 - use_allocation_guard: 0.


Internal statistics:

num_allocs_failed_limit: 6.
num_arena_births: 636.
num_arena_deaths: 2.
num_vsnodes_births: 2.
num_vsnodes_deaths: 0.
num_space_committed: 880.
num_space_uncommitted: 0.
num_chunks_returned_to_freelist: 8.
num_chunks_taken_from_freelist: 3062.
num_chunk_merges: 6.
num_chunk_splits: 1935.
num_chunks_enlarged: 1129.
num_inconsistent_stats: 0.

CodeHeap 'non-profiled nmethods': size=120000Kb used=4089Kb max_used=4089Kb free=115910Kb
 bounds [0x000001da58c30000, 0x000001da59030000, 0x000001da60160000]
CodeHeap 'profiled nmethods': size=120000Kb used=11089Kb max_used=11937Kb free=108910Kb
 bounds [0x000001da51700000, 0x000001da522c0000, 0x000001da58c30000]
CodeHeap 'non-nmethods': size=5760Kb used=1366Kb max_used=1455Kb free=4393Kb
 bounds [0x000001da51160000, 0x000001da513d0000, 0x000001da51700000]
 total_blobs=6403 nmethods=5706 adapters=610
 compilation: enabled
              stopped_count=0, restarted_count=0
 full_count=0

Compilation events (20 events):
Event: 24.564 Thread 0x000001da62adacf0 6975       3       org.eclipse.jdt.internal.compiler.ast.TypeReference::resolveType (8 bytes)
Event: 24.564 Thread 0x000001da62adacf0 nmethod 6975 0x000001da519fbc90 code [0x000001da519fbe40, 0x000001da519fc0e8]
Event: 24.564 Thread 0x000001da62adacf0 6976       3       org.eclipse.jdt.internal.compiler.parser.Scanner::getCurrentTokenSource (61 bytes)
Event: 24.564 Thread 0x000001da62adacf0 nmethod 6976 0x000001da517fb190 code [0x000001da517fb360, 0x000001da517fb7b8]
Event: 24.673 Thread 0x000001da62ada400 nmethod 6967 0x000001da59027910 code [0x000001da59027d00, 0x000001da5902bdc0]
Event: 24.673 Thread 0x000001da62ada400 6971       4       java.util.Spliterators$ArraySpliterator::estimateSize (11 bytes)
Event: 24.673 Thread 0x000001da62ada400 nmethod 6971 0x000001da5902e490 code [0x000001da5902e600, 0x000001da5902e678]
Event: 25.419 Thread 0x000001da62adacf0 6977       3       java.net.URI::needsNormalization (184 bytes)
Event: 25.421 Thread 0x000001da62ada400 6978       4       com.google.gson.stream.JsonWriter::string (169 bytes)
Event: 25.424 Thread 0x000001da62adacf0 nmethod 6977 0x000001da51b34a10 code [0x000001da51b34ea0, 0x000001da51b377f8]
Event: 25.424 Thread 0x000001da62adacf0 6979  s    3       java.lang.StringBuffer::toString (59 bytes)
Event: 25.424 Thread 0x000001da62adacf0 nmethod 6979 0x000001da51b34090 code [0x000001da51b34280, 0x000001da51b34768]
Event: 25.425 Thread 0x000001da62adacf0 6980       3       java.net.URI::<init> (51 bytes)
Event: 25.425 Thread 0x000001da62adacf0 nmethod 6980 0x000001da517faa10 code [0x000001da517fabe0, 0x000001da517fafe8]
Event: 25.425 Thread 0x000001da62adacf0 6981       3       java.net.URI::toString (60 bytes)
Event: 25.426 Thread 0x000001da62adacf0 nmethod 6981 0x000001da51ba0310 code [0x000001da51ba0540, 0x000001da51ba0c08]
Event: 25.426 Thread 0x000001da62adacf0 6982       3       java.net.URI::appendFragment (27 bytes)
Event: 25.426 Thread 0x000001da62adacf0 nmethod 6982 0x000001da51b9fd10 code [0x000001da51b9fee0, 0x000001da51ba01a8]
Event: 25.426 Thread 0x000001da62adacf0 6983       3       java.net.URI::checkPath (38 bytes)
Event: 25.426 Thread 0x000001da62adacf0 nmethod 6983 0x000001da52030510 code [0x000001da52030720, 0x000001da52030f28]

GC Heap History (20 events):
Event: 15.330 GC heap before
{Heap before GC invocations=61 (full 7):
 PSYoungGen      total 30720K, used 30317K [0x00000000eab00000, 0x00000000ed700000, 0x0000000100000000)
  eden space 25088K, 100% used [0x00000000eab00000,0x00000000ec380000,0x00000000ec380000)
  from space 5632K, 92% used [0x00000000ed180000,0x00000000ed69b510,0x00000000ed700000)
  to   space 8192K, 0% used [0x00000000ec700000,0x00000000ec700000,0x00000000ecf00000)
 ParOldGen       total 353792K, used 243814K [0x00000000c0000000, 0x00000000d5980000, 0x00000000eab00000)
  object space 353792K, 68% used [0x00000000c0000000,0x00000000cee19858,0x00000000d5980000)
 Metaspace       used 51588K, committed 52544K, reserved 1114112K
  class space    used 5363K, committed 5760K, reserved 1048576K
}
Event: 15.337 GC heap after
{Heap after GC invocations=61 (full 7):
 PSYoungGen      total 35840K, used 8191K [0x00000000eab00000, 0x00000000edd00000, 0x0000000100000000)
  eden space 27648K, 0% used [0x00000000eab00000,0x00000000eab00000,0x00000000ec600000)
  from space 8192K, 99% used [0x00000000ec700000,0x00000000ecefff68,0x00000000ecf00000)
  to   space 11776K, 0% used [0x00000000ed180000,0x00000000ed180000,0x00000000edd00000)
 ParOldGen       total 353792K, used 246234K [0x00000000c0000000, 0x00000000d5980000, 0x00000000eab00000)
  object space 353792K, 69% used [0x00000000c0000000,0x00000000cf076bc0,0x00000000d5980000)
 Metaspace       used 51588K, committed 52544K, reserved 1114112K
  class space    used 5363K, committed 5760K, reserved 1048576K
}
Event: 15.396 GC heap before
{Heap before GC invocations=62 (full 7):
 PSYoungGen      total 35840K, used 35839K [0x00000000eab00000, 0x00000000edd00000, 0x0000000100000000)
  eden space 27648K, 100% used [0x00000000eab00000,0x00000000ec600000,0x00000000ec600000)
  from space 8192K, 99% used [0x00000000ec700000,0x00000000ecefff68,0x00000000ecf00000)
  to   space 11776K, 0% used [0x00000000ed180000,0x00000000ed180000,0x00000000edd00000)
 ParOldGen       total 353792K, used 246234K [0x00000000c0000000, 0x00000000d5980000, 0x00000000eab00000)
  object space 353792K, 69% used [0x00000000c0000000,0x00000000cf076bc0,0x00000000d5980000)
 Metaspace       used 51588K, committed 52544K, reserved 1114112K
  class space    used 5363K, committed 5760K, reserved 1048576K
}
Event: 15.403 GC heap after
{Heap after GC invocations=62 (full 7):
 PSYoungGen      total 37376K, used 5833K [0x00000000eab00000, 0x00000000ed800000, 0x0000000100000000)
  eden space 30720K, 0% used [0x00000000eab00000,0x00000000eab00000,0x00000000ec900000)
  from space 6656K, 87% used [0x00000000ed180000,0x00000000ed732710,0x00000000ed800000)
  to   space 7680K, 0% used [0x00000000ec900000,0x00000000ec900000,0x00000000ed080000)
 ParOldGen       total 353792K, used 254307K [0x00000000c0000000, 0x00000000d5980000, 0x00000000eab00000)
  object space 353792K, 71% used [0x00000000c0000000,0x00000000cf858d20,0x00000000d5980000)
 Metaspace       used 51588K, committed 52544K, reserved 1114112K
  class space    used 5363K, committed 5760K, reserved 1048576K
}
Event: 15.466 GC heap before
{Heap before GC invocations=63 (full 7):
 PSYoungGen      total 37376K, used 36553K [0x00000000eab00000, 0x00000000ed800000, 0x0000000100000000)
  eden space 30720K, 100% used [0x00000000eab00000,0x00000000ec900000,0x00000000ec900000)
  from space 6656K, 87% used [0x00000000ed180000,0x00000000ed732710,0x00000000ed800000)
  to   space 7680K, 0% used [0x00000000ec900000,0x00000000ec900000,0x00000000ed080000)
 ParOldGen       total 353792K, used 254307K [0x00000000c0000000, 0x00000000d5980000, 0x00000000eab00000)
  object space 353792K, 71% used [0x00000000c0000000,0x00000000cf858d20,0x00000000d5980000)
 Metaspace       used 51588K, committed 52544K, reserved 1114112K
  class space    used 5363K, committed 5760K, reserved 1048576K
}
Event: 15.472 GC heap after
{Heap after GC invocations=63 (full 7):
 PSYoungGen      total 38400K, used 7674K [0x00000000eab00000, 0x00000000ee800000, 0x0000000100000000)
  eden space 30720K, 0% used [0x00000000eab00000,0x00000000eab00000,0x00000000ec900000)
  from space 7680K, 99% used [0x00000000ec900000,0x00000000ed07e8f0,0x00000000ed080000)
  to   space 14336K, 0% used [0x00000000eda00000,0x00000000eda00000,0x00000000ee800000)
 ParOldGen       total 353792K, used 259618K [0x00000000c0000000, 0x00000000d5980000, 0x00000000eab00000)
  object space 353792K, 73% used [0x00000000c0000000,0x00000000cfd88a80,0x00000000d5980000)
 Metaspace       used 51588K, committed 52544K, reserved 1114112K
  class space    used 5363K, committed 5760K, reserved 1048576K
}
Event: 15.543 GC heap before
{Heap before GC invocations=64 (full 7):
 PSYoungGen      total 38400K, used 38394K [0x00000000eab00000, 0x00000000ee800000, 0x0000000100000000)
  eden space 30720K, 100% used [0x00000000eab00000,0x00000000ec900000,0x00000000ec900000)
  from space 7680K, 99% used [0x00000000ec900000,0x00000000ed07e8f0,0x00000000ed080000)
  to   space 14336K, 0% used [0x00000000eda00000,0x00000000eda00000,0x00000000ee800000)
 ParOldGen       total 353792K, used 259618K [0x00000000c0000000, 0x00000000d5980000, 0x00000000eab00000)
  object space 353792K, 73% used [0x00000000c0000000,0x00000000cfd88a80,0x00000000d5980000)
 Metaspace       used 51588K, committed 52544K, reserved 1114112K
  class space    used 5363K, committed 5760K, reserved 1048576K
}
Event: 15.550 GC heap after
{Heap after GC invocations=64 (full 7):
 PSYoungGen      total 40960K, used 7033K [0x00000000eab00000, 0x00000000ee100000, 0x0000000100000000)
  eden space 33792K, 0% used [0x00000000eab00000,0x00000000eab00000,0x00000000ecc00000)
  from space 7168K, 98% used [0x00000000eda00000,0x00000000ee0de7a0,0x00000000ee100000)
  to   space 9216K, 0% used [0x00000000ecf00000,0x00000000ecf00000,0x00000000ed800000)
 ParOldGen       total 353792K, used 267172K [0x00000000c0000000, 0x00000000d5980000, 0x00000000eab00000)
  object space 353792K, 75% used [0x00000000c0000000,0x00000000d04e91b0,0x00000000d5980000)
 Metaspace       used 51588K, committed 52544K, reserved 1114112K
  class space    used 5363K, committed 5760K, reserved 1048576K
}
Event: 15.622 GC heap before
{Heap before GC invocations=65 (full 7):
 PSYoungGen      total 40960K, used 40825K [0x00000000eab00000, 0x00000000ee100000, 0x0000000100000000)
  eden space 33792K, 100% used [0x00000000eab00000,0x00000000ecc00000,0x00000000ecc00000)
  from space 7168K, 98% used [0x00000000eda00000,0x00000000ee0de7a0,0x00000000ee100000)
  to   space 9216K, 0% used [0x00000000ecf00000,0x00000000ecf00000,0x00000000ed800000)
 ParOldGen       total 353792K, used 267172K [0x00000000c0000000, 0x00000000d5980000, 0x00000000eab00000)
  object space 353792K, 75% used [0x00000000c0000000,0x00000000d04e91b0,0x00000000d5980000)
 Metaspace       used 51588K, committed 52544K, reserved 1114112K
  class space    used 5363K, committed 5760K, reserved 1048576K
}
Event: 15.631 GC heap after
{Heap after GC invocations=65 (full 7):
 PSYoungGen      total 46080K, used 9199K [0x00000000eab00000, 0x00000000ef280000, 0x0000000100000000)
  eden space 36864K, 0% used [0x00000000eab00000,0x00000000eab00000,0x00000000ecf00000)
  from space 9216K, 99% used [0x00000000ecf00000,0x00000000ed7fbd48,0x00000000ed800000)
  to   space 17920K, 0% used [0x00000000ee100000,0x00000000ee100000,0x00000000ef280000)
 ParOldGen       total 353792K, used 273858K [0x00000000c0000000, 0x00000000d5980000, 0x00000000eab00000)
  object space 353792K, 77% used [0x00000000c0000000,0x00000000d0b70948,0x00000000d5980000)
 Metaspace       used 51588K, committed 52544K, reserved 1114112K
  class space    used 5363K, committed 5760K, reserved 1048576K
}
Event: 15.684 GC heap before
{Heap before GC invocations=66 (full 7):
 PSYoungGen      total 46080K, used 46063K [0x00000000eab00000, 0x00000000ef280000, 0x0000000100000000)
  eden space 36864K, 100% used [0x00000000eab00000,0x00000000ecf00000,0x00000000ecf00000)
  from space 9216K, 99% used [0x00000000ecf00000,0x00000000ed7fbd48,0x00000000ed800000)
  to   space 17920K, 0% used [0x00000000ee100000,0x00000000ee100000,0x00000000ef280000)
 ParOldGen       total 353792K, used 273858K [0x00000000c0000000, 0x00000000d5980000, 0x00000000eab00000)
  object space 353792K, 77% used [0x00000000c0000000,0x00000000d0b70948,0x00000000d5980000)
 Metaspace       used 51588K, committed 52544K, reserved 1114112K
  class space    used 5363K, committed 5760K, reserved 1048576K
}
Event: 15.700 GC heap after
{Heap after GC invocations=66 (full 7):
 PSYoungGen      total 53248K, used 11626K [0x00000000eab00000, 0x00000000eed00000, 0x0000000100000000)
  eden space 40960K, 0% used [0x00000000eab00000,0x00000000eab00000,0x00000000ed300000)
  from space 12288K, 94% used [0x00000000ee100000,0x00000000eec5a940,0x00000000eed00000)
  to   space 13312K, 0% used [0x00000000ed300000,0x00000000ed300000,0x00000000ee000000)
 ParOldGen       total 353792K, used 283010K [0x00000000c0000000, 0x00000000d5980000, 0x00000000eab00000)
  object space 353792K, 79% used [0x00000000c0000000,0x00000000d14609a8,0x00000000d5980000)
 Metaspace       used 51588K, committed 52544K, reserved 1114112K
  class space    used 5363K, committed 5760K, reserved 1048576K
}
Event: 15.739 GC heap before
{Heap before GC invocations=67 (full 7):
 PSYoungGen      total 53248K, used 52586K [0x00000000eab00000, 0x00000000eed00000, 0x0000000100000000)
  eden space 40960K, 100% used [0x00000000eab00000,0x00000000ed300000,0x00000000ed300000)
  from space 12288K, 94% used [0x00000000ee100000,0x00000000eec5a940,0x00000000eed00000)
  to   space 13312K, 0% used [0x00000000ed300000,0x00000000ed300000,0x00000000ee000000)
 ParOldGen       total 353792K, used 283010K [0x00000000c0000000, 0x00000000d5980000, 0x00000000eab00000)
  object space 353792K, 79% used [0x00000000c0000000,0x00000000d14609a8,0x00000000d5980000)
 Metaspace       used 51588K, committed 52544K, reserved 1114112K
  class space    used 5363K, committed 5760K, reserved 1048576K
}
Event: 15.748 GC heap after
{Heap after GC invocations=67 (full 7):
 PSYoungGen      total 54272K, used 13305K [0x00000000eab00000, 0x00000000f1280000, 0x0000000100000000)
  eden space 40960K, 0% used [0x00000000eab00000,0x00000000eab00000,0x00000000ed300000)
  from space 13312K, 99% used [0x00000000ed300000,0x00000000edffe688,0x00000000ee000000)
  to   space 30208K, 0% used [0x00000000ef500000,0x00000000ef500000,0x00000000f1280000)
 ParOldGen       total 353792K, used 296857K [0x00000000c0000000, 0x00000000d5980000, 0x00000000eab00000)
  object space 353792K, 83% used [0x00000000c0000000,0x00000000d21e6560,0x00000000d5980000)
 Metaspace       used 51588K, committed 52544K, reserved 1114112K
  class space    used 5363K, committed 5760K, reserved 1048576K
}
Event: 16.203 GC heap before
{Heap before GC invocations=68 (full 7):
 PSYoungGen      total 54272K, used 54160K [0x00000000eab00000, 0x00000000f1280000, 0x0000000100000000)
  eden space 40960K, 99% used [0x00000000eab00000,0x00000000ed2e5d20,0x00000000ed300000)
  from space 13312K, 99% used [0x00000000ed300000,0x00000000edffe688,0x00000000ee000000)
  to   space 30208K, 0% used [0x00000000ef500000,0x00000000ef500000,0x00000000f1280000)
 ParOldGen       total 353792K, used 296857K [0x00000000c0000000, 0x00000000d5980000, 0x00000000eab00000)
  object space 353792K, 83% used [0x00000000c0000000,0x00000000d21e6560,0x00000000d5980000)
 Metaspace       used 51596K, committed 52544K, reserved 1114112K
  class space    used 5363K, committed 5760K, reserved 1048576K
}
Event: 16.274 GC heap after
{Heap after GC invocations=68 (full 7):
 PSYoungGen      total 69632K, used 23814K [0x00000000eab00000, 0x00000000f0c80000, 0x0000000100000000)
  eden space 45568K, 0% used [0x00000000eab00000,0x00000000eab00000,0x00000000ed780000)
  from space 24064K, 98% used [0x00000000ef500000,0x00000000f0c41958,0x00000000f0c80000)
  to   space 25088K, 0% used [0x00000000edb80000,0x00000000edb80000,0x00000000ef400000)
 ParOldGen       total 353792K, used 310071K [0x00000000c0000000, 0x00000000d5980000, 0x00000000eab00000)
  object space 353792K, 87% used [0x00000000c0000000,0x00000000d2ecdef8,0x00000000d5980000)
 Metaspace       used 51596K, committed 52544K, reserved 1114112K
  class space    used 5363K, committed 5760K, reserved 1048576K
}
Event: 17.924 GC heap before
{Heap before GC invocations=69 (full 7):
 PSYoungGen      total 69632K, used 69382K [0x00000000eab00000, 0x00000000f0c80000, 0x0000000100000000)
  eden space 45568K, 100% used [0x00000000eab00000,0x00000000ed780000,0x00000000ed780000)
  from space 24064K, 98% used [0x00000000ef500000,0x00000000f0c41958,0x00000000f0c80000)
  to   space 25088K, 0% used [0x00000000edb80000,0x00000000edb80000,0x00000000ef400000)
 ParOldGen       total 353792K, used 310071K [0x00000000c0000000, 0x00000000d5980000, 0x00000000eab00000)
  object space 353792K, 87% used [0x00000000c0000000,0x00000000d2ecdef8,0x00000000d5980000)
 Metaspace       used 51621K, committed 52544K, reserved 1114112K
  class space    used 5363K, committed 5760K, reserved 1048576K
}
Event: 17.981 GC heap after
{Heap after GC invocations=69 (full 7):
 PSYoungGen      total 51712K, used 1937K [0x00000000eab00000, 0x00000000ef580000, 0x0000000100000000)
  eden space 49664K, 0% used [0x00000000eab00000,0x00000000eab00000,0x00000000edb80000)
  from space 2048K, 94% used [0x00000000edb80000,0x00000000edd646d0,0x00000000edd80000)
  to   space 10240K, 0% used [0x00000000eeb80000,0x00000000eeb80000,0x00000000ef580000)
 ParOldGen       total 353792K, used 311433K [0x00000000c0000000, 0x00000000d5980000, 0x00000000eab00000)
  object space 353792K, 88% used [0x00000000c0000000,0x00000000d3022688,0x00000000d5980000)
 Metaspace       used 51621K, committed 52544K, reserved 1114112K
  class space    used 5363K, committed 5760K, reserved 1048576K
}
Event: 18.309 GC heap before
{Heap before GC invocations=70 (full 7):
 PSYoungGen      total 51712K, used 51601K [0x00000000eab00000, 0x00000000ef580000, 0x0000000100000000)
  eden space 49664K, 100% used [0x00000000eab00000,0x00000000edb80000,0x00000000edb80000)
  from space 2048K, 94% used [0x00000000edb80000,0x00000000edd646d0,0x00000000edd80000)
  to   space 10240K, 0% used [0x00000000eeb80000,0x00000000eeb80000,0x00000000ef580000)
 ParOldGen       total 353792K, used 311433K [0x00000000c0000000, 0x00000000d5980000, 0x00000000eab00000)
  object space 353792K, 88% used [0x00000000c0000000,0x00000000d3022688,0x00000000d5980000)
 Metaspace       used 52520K, committed 53504K, reserved 1114112K
  class space    used 5455K, committed 5888K, reserved 1048576K
}
Event: 18.318 GC heap after
{Heap after GC invocations=70 (full 7):
 PSYoungGen      total 60928K, used 10237K [0x00000000eab00000, 0x00000000efe00000, 0x0000000100000000)
  eden space 50688K, 0% used [0x00000000eab00000,0x00000000eab00000,0x00000000edc80000)
  from space 10240K, 99% used [0x00000000eeb80000,0x00000000ef57f790,0x00000000ef580000)
  to   space 15360K, 0% used [0x00000000edc80000,0x00000000edc80000,0x00000000eeb80000)
 ParOldGen       total 353792K, used 314145K [0x00000000c0000000, 0x00000000d5980000, 0x00000000eab00000)
  object space 353792K, 88% used [0x00000000c0000000,0x00000000d32c8688,0x00000000d5980000)
 Metaspace       used 52520K, committed 53504K, reserved 1114112K
  class space    used 5455K, committed 5888K, reserved 1048576K
}

Deoptimization events (20 events):
Event: 19.798 Thread 0x000001da69e46f10 Uncommon trap: trap_request=0xffffffde fr.pc=0x000001da58f6b18c relative=0x00000000000002ec
Event: 19.798 Thread 0x000001da69e46f10 Uncommon trap: reason=class_check action=maybe_recompile pc=0x000001da58f6b18c method=java.nio.ByteBuffer.getArray(I[BII)Ljava/nio/ByteBuffer; @ 49 c2
Event: 19.798 Thread 0x000001da69e46f10 DEOPT PACKING pc=0x000001da58f6b18c sp=0x00000043453fed00
Event: 19.798 Thread 0x000001da69e46f10 DEOPT UNPACKING pc=0x000001da511b20a3 sp=0x00000043453fec28 mode 2
Event: 19.816 Thread 0x000001da69e46f10 Uncommon trap: trap_request=0xffffffde fr.pc=0x000001da58f6b18c relative=0x00000000000002ec
Event: 19.816 Thread 0x000001da69e46f10 Uncommon trap: reason=class_check action=maybe_recompile pc=0x000001da58f6b18c method=java.nio.ByteBuffer.getArray(I[BII)Ljava/nio/ByteBuffer; @ 49 c2
Event: 19.816 Thread 0x000001da69e46f10 DEOPT PACKING pc=0x000001da58f6b18c sp=0x00000043453fed00
Event: 19.816 Thread 0x000001da69e46f10 DEOPT UNPACKING pc=0x000001da511b20a3 sp=0x00000043453fec28 mode 2
Event: 24.509 Thread 0x000001da69e42bb0 Uncommon trap: trap_request=0xffffff45 fr.pc=0x000001da58fcbbac relative=0x00000000000008ec
Event: 24.509 Thread 0x000001da69e42bb0 Uncommon trap: reason=unstable_if action=reinterpret pc=0x000001da58fcbbac method=org.eclipse.jdt.internal.compiler.classfmt.ClassFileReader.isAnonymous()Z @ 4 c2
Event: 24.509 Thread 0x000001da69e42bb0 DEOPT PACKING pc=0x000001da58fcbbac sp=0x0000004344efdf60
Event: 24.509 Thread 0x000001da69e42bb0 DEOPT UNPACKING pc=0x000001da511b20a3 sp=0x0000004344efdf48 mode 2
Event: 24.548 Thread 0x000001da69e42bb0 Uncommon trap: trap_request=0xffffff45 fr.pc=0x000001da59012f64 relative=0x00000000000000c4
Event: 24.548 Thread 0x000001da69e42bb0 Uncommon trap: reason=unstable_if action=reinterpret pc=0x000001da59012f64 method=org.eclipse.jdt.core.compiler.CharOperation.fragmentEquals([C[CIZ)Z @ 46 c2
Event: 24.548 Thread 0x000001da69e42bb0 DEOPT PACKING pc=0x000001da59012f64 sp=0x0000004344efe420
Event: 24.548 Thread 0x000001da69e42bb0 DEOPT UNPACKING pc=0x000001da511b20a3 sp=0x0000004344efe360 mode 2
Event: 24.549 Thread 0x000001da69e42bb0 Uncommon trap: trap_request=0xffffff45 fr.pc=0x000001da58c46ab0 relative=0x0000000000000090
Event: 24.549 Thread 0x000001da69e42bb0 Uncommon trap: reason=unstable_if action=reinterpret pc=0x000001da58c46ab0 method=org.eclipse.jdt.core.Signature.appendTypeSignature([CIZLjava/lang/StringBuffer;Z)I @ 197 c2
Event: 24.549 Thread 0x000001da69e42bb0 DEOPT PACKING pc=0x000001da58c46ab0 sp=0x0000004344efe710
Event: 24.549 Thread 0x000001da69e42bb0 DEOPT UNPACKING pc=0x000001da511b20a3 sp=0x0000004344efe688 mode 2

Classes loaded (20 events):
Event: 18.400 Loading class java/net/Socket$SocketOutputStream
Event: 18.400 Loading class java/net/Socket$SocketOutputStream done
Event: 18.400 Loading class sun/nio/ch/NioSocketImpl$2
Event: 18.400 Loading class sun/nio/ch/NioSocketImpl$2 done
Event: 18.411 Loading class java/lang/VerifyError
Event: 18.411 Loading class java/lang/VerifyError done
Event: 18.411 Loading class java/lang/ClassCircularityError
Event: 18.411 Loading class java/lang/ClassCircularityError done
Event: 18.494 Loading class java/lang/StrictMath
Event: 18.494 Loading class java/lang/StrictMath done
Event: 18.541 Loading class java/util/concurrent/CompletableFuture$UniWhenComplete
Event: 18.541 Loading class java/util/concurrent/CompletableFuture$UniWhenComplete done
Event: 18.541 Loading class java/util/concurrent/CompletableFuture$UniCompose
Event: 18.541 Loading class java/util/concurrent/CompletableFuture$UniCompose done
Event: 18.541 Loading class java/util/concurrent/CompletableFuture$UniRelay
Event: 18.541 Loading class java/util/concurrent/CompletableFuture$UniRelay done
Event: 19.470 Loading class java/util/concurrent/ScheduledThreadPoolExecutor$DelayedWorkQueue$Itr
Event: 19.470 Loading class java/util/concurrent/ScheduledThreadPoolExecutor$DelayedWorkQueue$Itr done
Event: 19.815 Loading class java/time/Instant$1
Event: 19.815 Loading class java/time/Instant$1 done

Classes unloaded (1 events):
Event: 5.567 Thread 0x000001da62a91c40 Unloading class 0x0000000801190400 'java/lang/invoke/LambdaForm$DMH+0x0000000801190400'

Classes redefined (0 events):
No events

Internal exceptions (20 events):
Event: 13.165 Thread 0x000001da69e41870 Implicit null exception at 0x000001da58f79700 to 0x000001da58f829ec
Event: 18.092 Thread 0x000001da69e43080 Implicit null exception at 0x000001da58ce8e80 to 0x000001da58ce9388
Event: 18.236 Thread 0x000001da69e42bb0 Exception <a 'java/lang/ArrayIndexOutOfBoundsException'{0x00000000ed100a00}> (0x00000000ed100a00) 
thrown [s\open\src\hotspot\share\runtime\sharedRuntime.cpp, line 625]
Event: 18.243 Thread 0x000001da69e42bb0 Exception <a 'java/lang/ArrayIndexOutOfBoundsException'{0x00000000ed114300}> (0x00000000ed114300) 
thrown [s\open\src\hotspot\share\runtime\sharedRuntime.cpp, line 625]
Event: 18.263 Thread 0x000001da69e42bb0 Exception <a 'java/lang/ArrayIndexOutOfBoundsException'{0x00000000ed543040}> (0x00000000ed543040) 
thrown [s\open\src\hotspot\share\runtime\sharedRuntime.cpp, line 625]
Event: 18.277 Thread 0x000001da69e42bb0 Exception <a 'java/io/FileNotFoundException'{0x00000000ed5a2320}> (0x00000000ed5a2320) 
thrown [s\open\src\hotspot\share\prims\jni.cpp, line 516]
Event: 18.284 Thread 0x000001da69e42bb0 Exception <a 'java/lang/ArrayIndexOutOfBoundsException'{0x00000000ed5f9a58}> (0x00000000ed5f9a58) 
thrown [s\open\src\hotspot\share\runtime\sharedRuntime.cpp, line 625]
Event: 18.299 Thread 0x000001da69e42bb0 Exception <a 'java/lang/ArrayIndexOutOfBoundsException'{0x00000000eda3a978}> (0x00000000eda3a978) 
thrown [s\open\src\hotspot\share\runtime\sharedRuntime.cpp, line 625]
Event: 18.306 Thread 0x000001da69e42bb0 Exception <a 'java/lang/ArrayIndexOutOfBoundsException'{0x00000000eda5a2c0}> (0x00000000eda5a2c0) 
thrown [s\open\src\hotspot\share\runtime\sharedRuntime.cpp, line 625]
Event: 18.330 Thread 0x000001da69e42bb0 Exception <a 'java/lang/ArrayIndexOutOfBoundsException'{0x00000000eadaf378}> (0x00000000eadaf378) 
thrown [s\open\src\hotspot\share\runtime\sharedRuntime.cpp, line 625]
Event: 18.414 Thread 0x000001da69e46f10 Exception <a 'java/io/FileNotFoundException'{0x00000000eaf1b660}> (0x00000000eaf1b660) 
thrown [s\open\src\hotspot\share\prims\jni.cpp, line 516]
Event: 18.497 Thread 0x000001da69e46f10 Exception <a 'java/lang/NoSuchMethodError'{0x00000000eb385000}: 'java.lang.Object java.lang.invoke.DirectMethodHandle$Holder.invokeVirtual(java.lang.Object, java.lang.Object, java.lang.Object, java.lang.Object)'> (0x00000000eb385000) 
thrown [s\open\src\hotspot\share\interpreter\linkResolver.cpp, line 759]
Event: 18.519 Thread 0x000001da69e45230 Exception <a 'java/lang/NoSuchMethodError'{0x00000000eb4afdb8}: 'java.lang.Object java.lang.invoke.DirectMethodHandle$Holder.invokeStatic(java.lang.Object, long, java.lang.Object, java.lang.Object)'> (0x00000000eb4afdb8) 
thrown [s\open\src\hotspot\share\interpreter\linkResolver.cpp, line 759]
Event: 18.519 Thread 0x000001da69e45230 Exception <a 'java/lang/NoSuchMethodError'{0x00000000eb4b6860}: 'java.lang.Object java.lang.invoke.DirectMethodHandle$Holder.newInvokeSpecial(java.lang.Object, long)'> (0x00000000eb4b6860) 
thrown [s\open\src\hotspot\share\interpreter\linkResolver.cpp, line 759]
Event: 24.500 Thread 0x000001da69e43ef0 Exception <a 'java/lang/IncompatibleClassChangeError'{0x00000000eb5d05a8}: Found class java.lang.Object, but interface was expected> (0x00000000eb5d05a8) 
thrown [s\open\src\hotspot\share\interpreter\linkResolver.cpp, line 826]
Event: 24.506 Thread 0x000001da69e42bb0 Exception <a 'java/lang/ArrayIndexOutOfBoundsException'{0x00000000eb5f4ba0}> (0x00000000eb5f4ba0) 
thrown [s\open\src\hotspot\share\runtime\sharedRuntime.cpp, line 625]
Event: 24.509 Thread 0x000001da69e42bb0 Implicit null exception at 0x000001da58fcb2f3 to 0x000001da58fcbb97
Event: 24.560 Thread 0x000001da69e42bb0 Exception <a 'java/lang/ArrayIndexOutOfBoundsException'{0x00000000eb6dd460}> (0x00000000eb6dd460) 
thrown [s\open\src\hotspot\share\runtime\sharedRuntime.cpp, line 625]
Event: 25.421 Thread 0x000001da69e42bb0 Exception <a 'java/lang/ArrayIndexOutOfBoundsException'{0x00000000eb758898}> (0x00000000eb758898) 
thrown [s\open\src\hotspot\share\runtime\sharedRuntime.cpp, line 625]
Event: 25.426 Thread 0x000001da69e42bb0 Exception <a 'java/lang/ArrayIndexOutOfBoundsException'{0x00000000eb77fa28}> (0x00000000eb77fa28) 
thrown [s\open\src\hotspot\share\runtime\sharedRuntime.cpp, line 625]

VM Operations (20 events):
Event: 18.309 Executing VM operation: ParallelGCFailedAllocation
Event: 18.318 Executing VM operation: ParallelGCFailedAllocation done
Event: 18.451 Executing VM operation: HandshakeAllThreads
Event: 18.451 Executing VM operation: HandshakeAllThreads done
Event: 18.463 Executing VM operation: HandshakeAllThreads
Event: 18.464 Executing VM operation: HandshakeAllThreads done
Event: 18.489 Executing VM operation: HandshakeAllThreads
Event: 18.489 Executing VM operation: HandshakeAllThreads done
Event: 18.515 Executing VM operation: HandshakeAllThreads
Event: 18.515 Executing VM operation: HandshakeAllThreads done
Event: 18.539 Executing VM operation: HandshakeAllThreads
Event: 18.539 Executing VM operation: HandshakeAllThreads done
Event: 19.546 Executing VM operation: Cleanup
Event: 19.547 Executing VM operation: Cleanup done
Event: 20.551 Executing VM operation: Cleanup
Event: 20.551 Executing VM operation: Cleanup done
Event: 24.546 Executing VM operation: HandshakeAllThreads
Event: 24.546 Executing VM operation: HandshakeAllThreads done
Event: 24.546 Executing VM operation: Cleanup
Event: 24.546 Executing VM operation: Cleanup done

Events (20 events):
Event: 15.322 Thread 0x000001da62adc560 flushing nmethod 0x000001da5229dd10
Event: 15.322 Thread 0x000001da62adc560 flushing nmethod 0x000001da522acd90
Event: 15.498 Thread 0x000001da763883a0 Thread exited: 0x000001da763883a0
Event: 15.777 Thread 0x000001da75be2020 Thread added: 0x000001da75be2020
Event: 16.688 Thread 0x000001da75be2020 Thread exited: 0x000001da75be2020
Event: 17.415 Thread 0x000001da75be2020 Thread added: 0x000001da75be2020
Event: 17.914 Thread 0x000001da75be2020 Thread exited: 0x000001da75be2020
Event: 18.014 Thread 0x000001da75be2020 Thread added: 0x000001da75be2020
Event: 18.092 Thread 0x000001da69e45700 Thread added: 0x000001da69e45700
Event: 18.395 Thread 0x000001da69e42210 Thread added: 0x000001da69e42210
Event: 18.398 Thread 0x000001da69e46f10 Thread added: 0x000001da69e46f10
Event: 18.465 Thread 0x000001da69e43a20 Thread added: 0x000001da69e43a20
Event: 18.468 Thread 0x000001da69e443c0 Thread added: 0x000001da69e443c0
Event: 18.516 Thread 0x000001da69e45230 Thread added: 0x000001da69e45230
Event: 18.539 Thread 0x000001da69e45bd0 Thread added: 0x000001da69e45bd0
Event: 19.799 Thread 0x000001da69e478b0 Thread added: 0x000001da69e478b0
Event: 19.800 Thread 0x000001da69e45bd0 Thread exited: 0x000001da69e45bd0
Event: 19.800 Thread 0x000001da75be2020 Thread exited: 0x000001da75be2020
Event: 19.816 Thread 0x000001da69e478b0 Thread exited: 0x000001da69e478b0
Event: 20.323 Thread 0x000001da69e45230 Thread exited: 0x000001da69e45230


Dynamic libraries:
0x00007ff66f370000 - 0x00007ff66f380000 	C:\Program Files\Java\jdk-18.0.2.1\bin\java.exe
0x00007ffc99670000 - 0x00007ffc99868000 	C:\Windows\SYSTEM32\ntdll.dll
0x00007ffc98170000 - 0x00007ffc9822d000 	C:\Windows\System32\KERNEL32.DLL
0x00007ffc97280000 - 0x00007ffc9754e000 	C:\Windows\System32\KERNELBASE.dll
0x00007ffc96e60000 - 0x00007ffc96f60000 	C:\Windows\System32\ucrtbase.dll
0x00007ffc85ba0000 - 0x00007ffc85bb8000 	C:\Program Files\Java\jdk-18.0.2.1\bin\jli.dll
0x00007ffc8f620000 - 0x00007ffc8f63a000 	C:\Program Files\Java\jdk-18.0.2.1\bin\VCRUNTIME140.dll
0x00007ffc978a0000 - 0x00007ffc9794e000 	C:\Windows\System32\ADVAPI32.dll
0x00007ffc98cb0000 - 0x00007ffc98d4e000 	C:\Windows\System32\msvcrt.dll
0x00007ffc984c0000 - 0x00007ffc9855c000 	C:\Windows\System32\sechost.dll
0x00007ffc99500000 - 0x00007ffc99625000 	C:\Windows\System32\RPCRT4.dll
0x00007ffc976d0000 - 0x00007ffc97870000 	C:\Windows\System32\USER32.dll
0x00007ffc96e30000 - 0x00007ffc96e52000 	C:\Windows\System32\win32u.dll
0x00007ffc7c4c0000 - 0x00007ffc7c75a000 	C:\Windows\WinSxS\amd64_microsoft.windows.common-controls_6595b64144ccf1df_6.0.19041.1110_none_60b5254171f9507e\COMCTL32.dll
0x00007ffc982e0000 - 0x00007ffc9830a000 	C:\Windows\System32\GDI32.dll
0x00007ffc975c0000 - 0x00007ffc976cb000 	C:\Windows\System32\gdi32full.dll
0x00007ffc96d90000 - 0x00007ffc96e2d000 	C:\Windows\System32\msvcp_win.dll
0x00007ffc8f090000 - 0x00007ffc8f09a000 	C:\Windows\SYSTEM32\VERSION.dll
0x00007ffc97870000 - 0x00007ffc978a0000 	C:\Windows\System32\IMM32.DLL
0x00007ffc91da0000 - 0x00007ffc91dac000 	C:\Program Files\Java\jdk-18.0.2.1\bin\vcruntime140_1.dll
0x00007ffc425b0000 - 0x00007ffc4263d000 	C:\Program Files\Java\jdk-18.0.2.1\bin\msvcp140.dll
0x00007ffc307f0000 - 0x00007ffc31401000 	C:\Program Files\Java\jdk-18.0.2.1\bin\server\jvm.dll
0x00007ffc98f70000 - 0x00007ffc98f78000 	C:\Windows\System32\PSAPI.DLL
0x00007ffc7a4f0000 - 0x00007ffc7a517000 	C:\Windows\SYSTEM32\WINMM.dll
0x00007ffc8f190000 - 0x00007ffc8f199000 	C:\Windows\SYSTEM32\WSOCK32.dll
0x00007ffc98d50000 - 0x00007ffc98dbb000 	C:\Windows\System32\WS2_32.dll
0x00007ffc95610000 - 0x00007ffc95622000 	C:\Windows\SYSTEM32\kernel.appcore.dll
0x00007ffc8f150000 - 0x00007ffc8f15a000 	C:\Program Files\Java\jdk-18.0.2.1\bin\jimage.dll
0x00007ffc94a30000 - 0x00007ffc94c14000 	C:\Windows\SYSTEM32\DBGHELP.DLL
0x00007ffc75880000 - 0x00007ffc758ac000 	C:\Windows\SYSTEM32\dbgcore.DLL
0x00007ffc96f60000 - 0x00007ffc96fe2000 	C:\Windows\System32\bcryptPrimitives.dll
0x00007ffc81fb0000 - 0x00007ffc81fd5000 	C:\Program Files\Java\jdk-18.0.2.1\bin\java.dll
0x00007ffc40870000 - 0x00007ffc40946000 	C:\Program Files\Java\jdk-18.0.2.1\bin\jsvml.dll
0x00007ffc98560000 - 0x00007ffc98ca3000 	C:\Windows\System32\SHELL32.dll
0x00007ffc94e60000 - 0x00007ffc955f5000 	C:\Windows\SYSTEM32\windows.storage.dll
0x00007ffc97a20000 - 0x00007ffc97d74000 	C:\Windows\System32\combase.dll
0x00007ffc967f0000 - 0x00007ffc96820000 	C:\Windows\SYSTEM32\Wldp.dll
0x00007ffc993f0000 - 0x00007ffc9949d000 	C:\Windows\System32\SHCORE.dll
0x00007ffc98330000 - 0x00007ffc98385000 	C:\Windows\System32\shlwapi.dll
0x00007ffc96cd0000 - 0x00007ffc96cef000 	C:\Windows\SYSTEM32\profapi.dll
0x00007ffc91a60000 - 0x00007ffc91a73000 	C:\Program Files\Java\jdk-18.0.2.1\bin\net.dll
0x00007ffc7e940000 - 0x00007ffc7ea4a000 	C:\Windows\SYSTEM32\WINHTTP.dll
0x00007ffc96550000 - 0x00007ffc965ba000 	C:\Windows\system32\mswsock.dll
0x00007ffc91a40000 - 0x00007ffc91a56000 	C:\Program Files\Java\jdk-18.0.2.1\bin\nio.dll
0x00007ffc82ad0000 - 0x00007ffc82ae8000 	C:\Program Files\Java\jdk-18.0.2.1\bin\zip.dll
0x00007ffc96740000 - 0x00007ffc96758000 	C:\Windows\SYSTEM32\CRYPTSP.dll
0x00007ffc95e60000 - 0x00007ffc95e94000 	C:\Windows\system32\rsaenh.dll
0x00007ffc96ff0000 - 0x00007ffc97017000 	C:\Windows\System32\bcrypt.dll
0x00007ffc96c90000 - 0x00007ffc96cbe000 	C:\Windows\SYSTEM32\USERENV.dll
0x00007ffc96760000 - 0x00007ffc9676c000 	C:\Windows\SYSTEM32\CRYPTBASE.dll
0x00007ffc961f0000 - 0x00007ffc9622b000 	C:\Windows\SYSTEM32\IPHLPAPI.DLL
0x00007ffc98240000 - 0x00007ffc98248000 	C:\Windows\System32\NSI.dll
0x00007ffc8cbd0000 - 0x00007ffc8cbe7000 	C:\Windows\SYSTEM32\dhcpcsvc6.DLL
0x00007ffc8edd0000 - 0x00007ffc8eded000 	C:\Windows\SYSTEM32\dhcpcsvc.DLL
0x00007ffc96230000 - 0x00007ffc962fa000 	C:\Windows\SYSTEM32\DNSAPI.dll
0x00007ffc5c5a0000 - 0x00007ffc5c5de000 	C:\Users\hp\AppData\Roaming\Code\User\globalStorage\redhat.java\1.1.0\config_win\org.eclipse.equinox.launcher\org.eclipse.equinox.launcher.win32.win32.x86_64_1.2.400.v20211116-1129\eclipse_11601.dll
0x00007ffc98390000 - 0x00007ffc984ba000 	C:\Windows\System32\ole32.dll
0x00007ffc81fa0000 - 0x00007ffc81fb0000 	C:\Program Files\Java\jdk-18.0.2.1\bin\verify.dll
0x00007ffc81f10000 - 0x00007ffc81f21000 	C:\Users\hp\AppData\Roaming\Code\User\globalStorage\redhat.java\1.1.0\config_win\org.eclipse.osgi\23\0\.cp\jWinHttp-1.0.0.dll

dbghelp: loaded successfully - version: 4.0.5 - missing functions: none
symbol engine: initialized successfully - sym options: 0x614 - pdb path: .;C:\Program Files\Java\jdk-18.0.2.1\bin;C:\Windows\SYSTEM32;C:\Windows\WinSxS\amd64_microsoft.windows.common-controls_6595b64144ccf1df_6.0.19041.1110_none_60b5254171f9507e;C:\Program Files\Java\jdk-18.0.2.1\bin\server;C:\Users\hp\AppData\Roaming\Code\User\globalStorage\redhat.java\1.1.0\config_win\org.eclipse.equinox.launcher\org.eclipse.equinox.launcher.win32.win32.x86_64_1.2.400.v20211116-1129;C:\Users\hp\AppData\Roaming\Code\User\globalStorage\redhat.java\1.1.0\config_win\org.eclipse.osgi\23\0\.cp

VM Arguments:
jvm_args: --add-modules=ALL-SYSTEM --add-opens=java.base/java.util=ALL-UNNAMED --add-opens=java.base/java.lang=ALL-UNNAMED -Declipse.application=org.eclipse.jdt.ls.core.id1 -Dosgi.bundles.defaultStartLevel=4 -Declipse.product=org.eclipse.jdt.ls.core.product -Djava.import.generatesMetadataFilesAtProjectRoot=false -Dfile.encoding=utf8 -DwatchParentProcess=false -XX:+UseParallelGC -XX:GCTimeRatio=4 -XX:AdaptiveSizePolicyWeight=90 -Dsun.zip.disableMemoryMapping=true -Xmx1G -Xms100m -XX:+HeapDumpOnOutOfMemoryError -XX:HeapDumpPath=c:\Users\hp\AppData\Roaming\Code\User\workspaceStorage\5055241d6b3e12119554bb473a6fb639\redhat.java 
java_command: c:\Users\hp\.vscode\extensions\redhat.java-1.1.0\server\plugins\org.eclipse.equinox.launcher_1.6.400.v20210924-0641.jar -configuration c:\Users\hp\AppData\Roaming\Code\User\globalStorage\redhat.java\1.1.0\config_win -data c:\Users\hp\AppData\Roaming\Code\User\workspaceStorage\5055241d6b3e12119554bb473a6fb639\redhat.java\jdt_ws
java_class_path (initial): c:\Users\hp\.vscode\extensions\redhat.java-1.1.0\server\plugins\org.eclipse.equinox.launcher_1.6.400.v20210924-0641.jar
Launcher Type: SUN_STANDARD

[Global flags]
    uintx AdaptiveSizePolicyWeight                 = 90                                        {product} {command line}
     intx CICompilerCount                          = 4                                         {product} {ergonomic}
    uintx GCTimeRatio                              = 4                                         {product} {command line}
     bool HeapDumpOnOutOfMemoryError               = true                                   {manageable} {command line}
    ccstr HeapDumpPath                             = c:\Users\hp\AppData\Roaming\Code\User\workspaceStorage\5055241d6b3e12119554bb473a6fb639\redhat.java         {manageable} {command line}
   size_t InitialHeapSize                          = 104857600                                 {product} {command line}
   size_t MaxHeapSize                              = 1073741824                                {product} {command line}
   size_t MaxNewSize                               = 357564416                                 {product} {ergonomic}
   size_t MinHeapDeltaBytes                        = 524288                                    {product} {ergonomic}
   size_t MinHeapSize                              = 104857600                                 {product} {command line}
   size_t NewSize                                  = 34603008                                  {product} {ergonomic}
    uintx NonNMethodCodeHeapSize                   = 5839372                                {pd product} {ergonomic}
    uintx NonProfiledCodeHeapSize                  = 122909434                              {pd product} {ergonomic}
   size_t OldSize                                  = 70254592                                  {product} {ergonomic}
    uintx ProfiledCodeHeapSize                     = 122909434                              {pd product} {ergonomic}
    uintx ReservedCodeCacheSize                    = 251658240                              {pd product} {ergonomic}
     bool SegmentedCodeCache                       = true                                      {product} {ergonomic}
   size_t SoftMaxHeapSize                          = 1073741824                             {manageable} {ergonomic}
     bool UseCompressedClassPointers               = true                           {product lp64_product} {ergonomic}
     bool UseCompressedOops                        = true                           {product lp64_product} {ergonomic}
     bool UseLargePagesIndividualAllocation        = false                                  {pd product} {ergonomic}
     bool UseParallelGC                            = true                                      {product} {command line}

Logging:
Log output configuration:
 #0: stdout all=warning uptime,level,tags foldmultilines=false
 #1: stderr all=off uptime,level,tags foldmultilines=false

Environment Variables:
PATH=C:\Program Files\Common Files\Oracle\Java\javapath;C:\Program Files (x86)\Common Files\Oracle\Java\javapath;C:\Windows\system32;C:\Windows;C:\Windows\System32\Wbem;C:\Windows\System32\WindowsPowerShell\v1.0\;C:\Windows\System32\OpenSSH\;C:\MinGW\bin;C:\Users\hp\AppData\Local\Microsoft\WindowsApps;C:\MinGW\bin;C:\Users\hp\AppData\Local\Programs\Microsoft VS Code\bin;C:\Users\hp\AppData\Local\GitHubDesktop\bin
USERNAME=hp
OS=Windows_NT
PROCESSOR_IDENTIFIER=Intel64 Family 6 Model 142 Stepping 12, GenuineIntel



---------------  S Y S T E M  ---------------

OS:
 Windows 10 , 64 bit Build 19041 (10.0.19041.1889)
OS uptime: 15 days 12:15 hours

CPU: total 8 (initial active 8) (4 cores per cpu, 2 threads per core) family 6 model 142 stepping 12 microcode 0xb8, cx8, cmov, fxsr, ht, mmx, 3dnowpref, sse, sse2, sse3, ssse3, sse4.1, sse4.2, popcnt, lzcnt, tsc, tscinvbit, avx, avx2, aes, erms, clmul, bmi1, bmi2, adx, fma, vzeroupper, clflush, clflushopt

Memory: 4k page, system-wide physical 8079M (435M free)
TotalPageFile size 19954M (AvailPageFile size 0M)
current process WorkingSet (physical memory assigned to process): 494M, peak: 660M
current process commit charge ("private bytes"): 638M, peak: 920M

vm_info: Java HotSpot(TM) 64-Bit Server VM (18.0.2.1+1-1) for windows-amd64 JRE (18.0.2.1+1-1), built on Aug 16 2022 01:46:33 by "mach5one" with MS VC++ 16.8 / 16.9 (VS2019)

END.
